Start testing: Jun 02 17:43 CEST
----------------------------------------------------------
1/1 Testing: EquivRelation
1/1 Test: EquivRelation
Command: "/home/chris/Documents/cpp/relational_algebra/build/tests/equiv_relation"
Directory: /home/chris/Documents/cpp/relational_algebra/build/tests
"EquivRelation" start time: Jun 02 17:43 CEST
Output:
----------------------------------------------------------
[==========] Running 0 tests from 0 test suites.
[==========] 0 tests from 0 test suites ran. (0 ms total)
[  PASSED  ] 0 tests.
<end of output>
Test time =   0.00 sec
----------------------------------------------------------
Test Passed.
"EquivRelation" end time: Jun 02 17:43 CEST
"EquivRelation" time elapsed: 00:00:00
----------------------------------------------------------

End testing: Jun 02 17:43 CEST
