<?xml version="1.0" encoding="UTF-8"?>
<Site BuildName="Linux-x86_64-linux-gnu-g++-11"
	BuildStamp="20230602-1500-Experimental"
	Name="chris-B450M-GAMING"
	Generator="ctest-3.22.1"
	CompilerName="/bin/x86_64-linux-gnu-g++-11"
	CompilerVersion="11.3.0"
	OSName="Linux"
	Hostname="chris-B450M-GAMING"
	OSRelease="5.19.0-42-generic"
	OSVersion="#43~22.04.1-Ubuntu SMP PREEMPT_DYNAMIC Fri Apr 21 16:51:08 UTC 2"
	OSPlatform="x86_64"
	Is64Bits="1"
	VendorString="AuthenticAMD"
	VendorID="Advanced Micro Devices"
	FamilyID="23"
	ModelID="8"
	ProcessorCacheSize="512"
	NumberOfLogicalCPU="16"
	NumberOfPhysicalCPU="8"
	TotalVirtualMemory="2047"
	TotalPhysicalMemory="15941"
	LogicalProcessorsPerPhysical="2"
	ProcessorClockFrequency="2070.8"
	>
	<Testing>
		<StartDateTime>Jun 02 17:00 CEST</StartDateTime>
		<StartTestTime>1685718049</StartTestTime>
		<TestList/>
		<EndDateTime>Jun 02 17:00 CEST</EndDateTime>
		<EndTestTime>1685718049</EndTestTime>
		<ElapsedMinutes>0</ElapsedMinutes>
	</Testing>
</Site>
